<?xml version="1.0" encoding="UTF-8"?>
<!-- Generated by org.testng.reporters.JUnitReportReporter -->
<testsuite hostname="DESKTOP-AG41B4D" failures="0" tests="1" name="com.timeKeeping.actiTime.seleniumAutomationTaskTest.CreateCustomerInTaskTest" time="12.292" errors="0" timestamp="2022-09-14T18:10:21 IST" skipped="0">
  <testcase classname="com.timeKeeping.actiTime.seleniumAutomationTaskTest.CreateCustomerInTaskTest" name="createCustomerTest" time="12.292"/>
  <system-out>
    <![CDATA[Pass: New Customer added succesfully]]>
  </system-out>
</testsuite> <!-- com.timeKeeping.actiTime.seleniumAutomationTaskTest.CreateCustomerInTaskTest -->
