<?xml version="1.0" encoding="UTF-8"?>
<!-- Generated by org.testng.reporters.JUnitReportReporter -->
<testsuite hostname="DESKTOP-AG41B4D" failures="0" tests="3" name="com.timeKeeping.actiTime.selenium.com.timeKeeping.actiTime.selenium.ClassB" time="0.013" errors="0" timestamp="02 Sep 2022 05:02:13 GMT" skipped="0">
  <testcase classname="com.timeKeeping.actiTime.selenium.com.timeKeeping.actiTime.selenium.ClassB" name="demo5" time="0.002"/>
  <testcase classname="com.timeKeeping.actiTime.selenium.com.timeKeeping.actiTime.selenium.ClassB" name="demo4" time="0.010"/>
  <testcase classname="com.timeKeeping.actiTime.selenium.com.timeKeeping.actiTime.selenium.ClassB" name="demo6" time="0.001"/>
</testsuite> <!-- com.timeKeeping.actiTime.selenium.com.timeKeeping.actiTime.selenium.ClassB -->
