<?xml version="1.0" encoding="UTF-8"?>
<!-- Generated by org.testng.reporters.JUnitReportReporter -->
<testsuite hostname="DESKTOP-AG41B4D" failures="0" tests="1" name="com.timeKeeping.actiTime.selenium.com.timeKeeping.actiTime.selenium.ClassF" time="0.006" errors="0" timestamp="2022-09-07T11:18:06 IST" skipped="0">
  <testcase classname="com.timeKeeping.actiTime.selenium.com.timeKeeping.actiTime.selenium.ClassF" name="demo1" time="0.006"/>
  <system-out/>
</testsuite> <!-- com.timeKeeping.actiTime.selenium.com.timeKeeping.actiTime.selenium.ClassF -->
