<?xml version="1.0" encoding="UTF-8"?>
<!-- Generated by org.testng.reporters.JUnitReportReporter -->
<testsuite hostname="DESKTOP-AG41B4D" failures="0" tests="2" name="com.timeKeeping.actiTime.selenium.com.timeKeeping.actiTime.selenium.ToPerformGroupExecution" time="0.015" errors="0" timestamp="2022-09-12T23:53:05 IST" skipped="0">
  <testcase classname="com.timeKeeping.actiTime.selenium.com.timeKeeping.actiTime.selenium.ToPerformGroupExecution" name="logOut" time="0.012"/>
  <system-out/>
  <testcase classname="com.timeKeeping.actiTime.selenium.com.timeKeeping.actiTime.selenium.ToPerformGroupExecution" name="login" time="0.003"/>
  <system-out/>
</testsuite> <!-- com.timeKeeping.actiTime.selenium.com.timeKeeping.actiTime.selenium.ToPerformGroupExecution -->
