<?xml version="1.0" encoding="UTF-8"?>
<!-- Generated by org.testng.reporters.JUnitReportReporter -->
<testsuite hostname="DESKTOP-AG41B4D" failures="0" tests="1" name="com.timeKeeping.actiTime.selenium.com.timeKeeping.actiTime.selenium.Launchgoogle" time="4.529" errors="0" timestamp="02 Sep 2022 05:02:13 GMT" skipped="0">
  <testcase classname="com.timeKeeping.actiTime.selenium.com.timeKeeping.actiTime.selenium.Launchgoogle" name="demo1" time="4.529"/>
</testsuite> <!-- com.timeKeeping.actiTime.selenium.com.timeKeeping.actiTime.selenium.Launchgoogle -->
